<?xml version="1.0" encoding="UTF-8"?>
<testng-results skipped="0" failed="0" total="1" passed="1">
  <reporter-output>
  </reporter-output>
  <suite name="Default suite" duration-ms="31684" started-at="2020-05-04T23:22:14Z" finished-at="2020-05-04T23:22:46Z">
    <groups>
    </groups>
    <test name="Default test" duration-ms="31684" started-at="2020-05-04T23:22:14Z" finished-at="2020-05-04T23:22:46Z">
      <class name="SeleniumWebDriverAdvanced2.HandlingMultipleBrowserWindows">
        <test-method status="PASS" signature="beforetest()[pri:0, instance:SeleniumWebDriverAdvanced2.HandlingMultipleBrowserWindows@7f9a81e8]" name="beforetest" is-config="true" duration-ms="7537" started-at="2020-05-04T19:22:14Z" finished-at="2020-05-04T19:22:22Z">
          <reporter-output>
          </reporter-output>
        </test-method> <!-- beforetest -->
        <test-method status="PASS" signature="test()[pri:0, instance:SeleniumWebDriverAdvanced2.HandlingMultipleBrowserWindows@7f9a81e8]" name="test" duration-ms="23278" started-at="2020-05-04T19:22:22Z" finished-at="2020-05-04T19:22:45Z">
          <reporter-output>
          </reporter-output>
        </test-method> <!-- test -->
        <test-method status="PASS" signature="aftertest()[pri:0, instance:SeleniumWebDriverAdvanced2.HandlingMultipleBrowserWindows@7f9a81e8]" name="aftertest" is-config="true" duration-ms="848" started-at="2020-05-04T19:22:45Z" finished-at="2020-05-04T19:22:46Z">
          <reporter-output>
          </reporter-output>
        </test-method> <!-- aftertest -->
      </class> <!-- SeleniumWebDriverAdvanced2.HandlingMultipleBrowserWindows -->
    </test> <!-- Default test -->
  </suite> <!-- Default suite -->
</testng-results>
