<?xml version="1.0" encoding="UTF-8"?>
<!-- Generated by org.testng.reporters.JUnitXMLReporter -->
<testsuite hostname="DESKTOP-HCFFR5C" name="Parallel Class Test" tests="4" failures="0" timestamp="4 Nov 2019 01:50:43 GMT" time="19.013" errors="0">
  <testcase name="testCaseOne_Test_Two" time="1.08" classname="seleniumWebDriverBasicCommands.getValueFromCalculaterTextBox_Two"/>
  <testcase name="testCaseOne_Test_One" time="1.081" classname="seleniumWebDriverBasicCommands.getValueFromCalculaterTextBox_One"/>
  <testcase name="testCaseTwo_Test_One" time="1.057" classname="seleniumWebDriverBasicCommands.getValueFromCalculaterTextBox_One"/>
  <testcase name="testCaseTwo_Test_Two" time="1.075" classname="seleniumWebDriverBasicCommands.getValueFromCalculaterTextBox_Two"/>
</testsuite> <!-- Parallel Class Test -->
